<?xml version="1.0" encoding="UTF-8"?>
<!-- Generated by org.testng.reporters.JUnitXMLReporter -->
<testsuite ignored="1" hostname="DESKTOP-R522EC9" failures="0" tests="1" name="Default test" time="1.552" errors="0" timestamp="2021-06-30T22:02:22 PDT">
  <testcase classname="TestCases.TC001_GET_Request" name="testValidateGetReqEmployeId2" time="1.526"/>
  <testcase classname="TestCases.TC001_GET_Request" name="testValidateGetReqStausCode" time="0.0">
    <ignored/>
  </testcase> <!-- testValidateGetReqStausCode -->
</testsuite> <!-- Default test -->
