<?xml version="1.0" encoding="UTF-8"?>
<testng-results ignored="1" total="2" passed="1" failed="0" skipped="0">
  <reporter-output>
  </reporter-output>
  <suite started-at="2021-06-30T22:02:21 PDT" name="Default suite" finished-at="2021-06-30T22:02:22 PDT" duration-ms="1552">
    <groups>
    </groups>
    <test started-at="2021-06-30T22:02:21 PDT" name="Default test" finished-at="2021-06-30T22:02:22 PDT" duration-ms="1552">
      <class name="TestCases.TC001_GET_Request">
        <test-method signature="testValidateGetReqEmployeId2()[pri:0, instance:TestCases.TC001_GET_Request@6bab2585]" started-at="2021-06-30T22:02:21 PDT" name="testValidateGetReqEmployeId2" finished-at="2021-06-30T22:02:22 PDT" duration-ms="1526" status="PASS">
          <reporter-output>
          </reporter-output>
        </test-method> <!-- testValidateGetReqEmployeId2 -->
      </class> <!-- TestCases.TC001_GET_Request -->
    </test> <!-- Default test -->
  </suite> <!-- Default suite -->
</testng-results>
