<?xml version="1.0" encoding="UTF-8"?>
<testng-results ignored="0" total="1" passed="1" failed="0" skipped="0">
  <reporter-output>
  </reporter-output>
  <suite started-at="2021-06-16T21:43:48 PDT" name="Default suite" finished-at="2021-06-16T21:43:56 PDT" duration-ms="7419">
    <groups>
    </groups>
    <test started-at="2021-06-16T21:43:48 PDT" name="Default test" finished-at="2021-06-16T21:43:56 PDT" duration-ms="7419">
      <class name="webautomation1.Popup">
        <test-method signature="f()[pri:0, instance:webautomation1.Popup@31f9b85e]" started-at="2021-06-16T21:43:48 PDT" name="f" finished-at="2021-06-16T21:43:56 PDT" duration-ms="7389" status="PASS">
          <reporter-output>
          </reporter-output>
        </test-method> <!-- f -->
      </class> <!-- webautomation1.Popup -->
    </test> <!-- Default test -->
  </suite> <!-- Default suite -->
</testng-results>
