<?xml version="1.0" encoding="UTF-8"?>
<testng-results ignored="0" total="2" passed="2" failed="0" skipped="0">
  <reporter-output>
  </reporter-output>
  <suite started-at="2021-06-30T08:38:03Z" name="Suite" finished-at="2021-06-30T08:38:03Z" duration-ms="20">
    <groups>
    </groups>
    <test started-at="2021-06-30T08:38:03Z" name="Test" finished-at="2021-06-30T08:38:03Z" duration-ms="20">
      <class name="com.testng.Annotations123Test">
        <test-method is-config="true" signature="beforeSuite()[pri:0, instance:com.testng.Annotations123Test@79c97cb]" started-at="2021-06-30T08:38:03Z" name="beforeSuite" finished-at="2021-06-30T08:38:03Z" duration-ms="7" status="PASS">
          <reporter-output>
          </reporter-output>
        </test-method> <!-- beforeSuite -->
        <test-method is-config="true" signature="beforeTest()[pri:0, instance:com.testng.Annotations123Test@79c97cb]" started-at="2021-06-30T08:38:03Z" name="beforeTest" finished-at="2021-06-30T08:38:03Z" duration-ms="0" status="PASS">
          <reporter-output>
          </reporter-output>
        </test-method> <!-- beforeTest -->
        <test-method is-config="true" signature="beforeClass()[pri:0, instance:com.testng.Annotations123Test@79c97cb]" started-at="2021-06-30T08:38:03Z" name="beforeClass" finished-at="2021-06-30T08:38:03Z" duration-ms="0" status="PASS">
          <reporter-output>
          </reporter-output>
        </test-method> <!-- beforeClass -->
        <test-method is-config="true" signature="efBeforeM()[pri:0, instance:com.testng.Annotations123Test@79c97cb]" started-at="2021-06-30T08:38:03Z" name="efBeforeM" finished-at="2021-06-30T08:38:03Z" duration-ms="1" status="PASS">
          <reporter-output>
          </reporter-output>
        </test-method> <!-- efBeforeM -->
        <test-method is-config="true" signature="cdBeforeM()[pri:0, instance:com.testng.Annotations123Test@79c97cb]" started-at="2021-06-30T08:38:03Z" name="cdBeforeM" finished-at="2021-06-30T08:38:03Z" duration-ms="0" status="PASS">
          <reporter-output>
          </reporter-output>
        </test-method> <!-- cdBeforeM -->
        <test-method is-config="true" signature="abBeforeM()[pri:0, instance:com.testng.Annotations123Test@79c97cb]" started-at="2021-06-30T08:38:03Z" name="abBeforeM" finished-at="2021-06-30T08:38:03Z" duration-ms="0" status="PASS">
          <reporter-output>
          </reporter-output>
        </test-method> <!-- abBeforeM -->
        <test-method signature="testA()[pri:0, instance:com.testng.Annotations123Test@79c97cb]" started-at="2021-06-30T08:38:03Z" name="testA" finished-at="2021-06-30T08:38:03Z" duration-ms="3" status="PASS">
          <reporter-output>
          </reporter-output>
        </test-method> <!-- testA -->
        <test-method is-config="true" signature="cdAfterMethod()[pri:0, instance:com.testng.Annotations123Test@79c97cb]" started-at="2021-06-30T08:38:03Z" name="cdAfterMethod" finished-at="2021-06-30T08:38:03Z" duration-ms="1" status="PASS">
          <reporter-output>
          </reporter-output>
        </test-method> <!-- cdAfterMethod -->
        <test-method is-config="true" signature="abAfterMethod()[pri:0, instance:com.testng.Annotations123Test@79c97cb]" started-at="2021-06-30T08:38:03Z" name="abAfterMethod" finished-at="2021-06-30T08:38:03Z" duration-ms="0" status="PASS">
          <reporter-output>
          </reporter-output>
        </test-method> <!-- abAfterMethod -->
        <test-method is-config="true" signature="abBeforeM()[pri:0, instance:com.testng.Annotations123Test@79c97cb]" started-at="2021-06-30T08:38:03Z" name="abBeforeM" finished-at="2021-06-30T08:38:03Z" duration-ms="0" status="PASS">
          <reporter-output>
          </reporter-output>
        </test-method> <!-- abBeforeM -->
        <test-method is-config="true" signature="cdBeforeM()[pri:0, instance:com.testng.Annotations123Test@79c97cb]" started-at="2021-06-30T08:38:03Z" name="cdBeforeM" finished-at="2021-06-30T08:38:03Z" duration-ms="0" status="PASS">
          <reporter-output>
          </reporter-output>
        </test-method> <!-- cdBeforeM -->
        <test-method is-config="true" signature="efBeforeM()[pri:0, instance:com.testng.Annotations123Test@79c97cb]" started-at="2021-06-30T08:38:03Z" name="efBeforeM" finished-at="2021-06-30T08:38:03Z" duration-ms="0" status="PASS">
          <reporter-output>
          </reporter-output>
        </test-method> <!-- efBeforeM -->
        <test-method signature="testB()[pri:0, instance:com.testng.Annotations123Test@79c97cb]" started-at="2021-06-30T08:38:03Z" name="testB" finished-at="2021-06-30T08:38:03Z" duration-ms="1" status="PASS">
          <reporter-output>
          </reporter-output>
        </test-method> <!-- testB -->
        <test-method is-config="true" signature="cdAfterMethod()[pri:0, instance:com.testng.Annotations123Test@79c97cb]" started-at="2021-06-30T08:38:03Z" name="cdAfterMethod" finished-at="2021-06-30T08:38:03Z" duration-ms="1" status="PASS">
          <reporter-output>
          </reporter-output>
        </test-method> <!-- cdAfterMethod -->
        <test-method is-config="true" signature="abAfterMethod()[pri:0, instance:com.testng.Annotations123Test@79c97cb]" started-at="2021-06-30T08:38:03Z" name="abAfterMethod" finished-at="2021-06-30T08:38:03Z" duration-ms="0" status="PASS">
          <reporter-output>
          </reporter-output>
        </test-method> <!-- abAfterMethod -->
        <test-method is-config="true" signature="afterTest()[pri:0, instance:com.testng.Annotations123Test@79c97cb]" started-at="2021-06-30T08:38:03Z" name="afterTest" finished-at="2021-06-30T08:38:03Z" duration-ms="1" status="PASS">
          <reporter-output>
          </reporter-output>
        </test-method> <!-- afterTest -->
        <test-method is-config="true" signature="afterClass()[pri:0, instance:com.testng.Annotations123Test@79c97cb]" started-at="2021-06-30T08:38:03Z" name="afterClass" finished-at="2021-06-30T08:38:03Z" duration-ms="0" status="PASS">
          <reporter-output>
          </reporter-output>
        </test-method> <!-- afterClass -->
        <test-method is-config="true" signature="afterSuite()[pri:0, instance:com.testng.Annotations123Test@79c97cb]" started-at="2021-06-30T08:38:03Z" name="afterSuite" finished-at="2021-06-30T08:38:03Z" duration-ms="0" status="PASS">
          <reporter-output>
          </reporter-output>
        </test-method> <!-- afterSuite -->
      </class> <!-- com.testng.Annotations123Test -->
    </test> <!-- Test -->
  </suite> <!-- Suite -->
</testng-results>
