<?xml version="1.0" encoding="UTF-8"?>
<testng-results ignored="0" total="2" passed="2" failed="0" skipped="0">
  <reporter-output>
  </reporter-output>
  <suite started-at="2020-12-28T12:21:30 PST" name="Default suite" finished-at="2020-12-28T12:21:31 PST" duration-ms="60">
    <groups>
    </groups>
    <test started-at="2020-12-28T12:21:30 PST" name="Default test" finished-at="2020-12-28T12:21:31 PST" duration-ms="60">
      <class name="com.testng.Annotations123Test">
        <test-method is-config="true" signature="beforeSuite()[pri:0, instance:com.testng.Annotations123Test@313b2ea6]" started-at="2020-12-28T12:21:30 PST" name="beforeSuite" finished-at="2020-12-28T12:21:30 PST" duration-ms="15" status="PASS">
          <reporter-output>
          </reporter-output>
        </test-method> <!-- beforeSuite -->
        <test-method is-config="true" signature="beforeTest()[pri:0, instance:com.testng.Annotations123Test@313b2ea6]" started-at="2020-12-28T12:21:30 PST" name="beforeTest" finished-at="2020-12-28T12:21:30 PST" duration-ms="2" status="PASS">
          <reporter-output>
          </reporter-output>
        </test-method> <!-- beforeTest -->
        <test-method is-config="true" signature="beforeClass()[pri:0, instance:com.testng.Annotations123Test@313b2ea6]" started-at="2020-12-28T12:21:30 PST" name="beforeClass" finished-at="2020-12-28T12:21:30 PST" duration-ms="0" status="PASS">
          <reporter-output>
          </reporter-output>
        </test-method> <!-- beforeClass -->
        <test-method is-config="true" signature="abBeforeM()[pri:0, instance:com.testng.Annotations123Test@313b2ea6]" started-at="2020-12-28T12:21:30 PST" name="abBeforeM" finished-at="2020-12-28T12:21:30 PST" duration-ms="1" status="PASS">
          <reporter-output>
          </reporter-output>
        </test-method> <!-- abBeforeM -->
        <test-method is-config="true" signature="efBeforeM()[pri:0, instance:com.testng.Annotations123Test@313b2ea6]" started-at="2020-12-28T12:21:30 PST" name="efBeforeM" finished-at="2020-12-28T12:21:30 PST" duration-ms="0" status="PASS">
          <reporter-output>
          </reporter-output>
        </test-method> <!-- efBeforeM -->
        <test-method is-config="true" signature="cdBeforeM()[pri:0, instance:com.testng.Annotations123Test@313b2ea6]" started-at="2020-12-28T12:21:30 PST" name="cdBeforeM" finished-at="2020-12-28T12:21:30 PST" duration-ms="0" status="PASS">
          <reporter-output>
          </reporter-output>
        </test-method> <!-- cdBeforeM -->
        <test-method signature="testA()[pri:0, instance:com.testng.Annotations123Test@313b2ea6]" started-at="2020-12-28T12:21:30 PST" name="testA" finished-at="2020-12-28T12:21:30 PST" duration-ms="7" status="PASS">
          <reporter-output>
          </reporter-output>
        </test-method> <!-- testA -->
        <test-method is-config="true" signature="abAfterMethod()[pri:0, instance:com.testng.Annotations123Test@313b2ea6]" started-at="2020-12-28T12:21:31 PST" name="abAfterMethod" finished-at="2020-12-28T12:21:31 PST" duration-ms="0" status="PASS">
          <reporter-output>
          </reporter-output>
        </test-method> <!-- abAfterMethod -->
        <test-method is-config="true" signature="cdAfterMethod()[pri:0, instance:com.testng.Annotations123Test@313b2ea6]" started-at="2020-12-28T12:21:31 PST" name="cdAfterMethod" finished-at="2020-12-28T12:21:31 PST" duration-ms="0" status="PASS">
          <reporter-output>
          </reporter-output>
        </test-method> <!-- cdAfterMethod -->
        <test-method is-config="true" signature="abBeforeM()[pri:0, instance:com.testng.Annotations123Test@313b2ea6]" started-at="2020-12-28T12:21:31 PST" name="abBeforeM" finished-at="2020-12-28T12:21:31 PST" duration-ms="1" status="PASS">
          <reporter-output>
          </reporter-output>
        </test-method> <!-- abBeforeM -->
        <test-method is-config="true" signature="efBeforeM()[pri:0, instance:com.testng.Annotations123Test@313b2ea6]" started-at="2020-12-28T12:21:31 PST" name="efBeforeM" finished-at="2020-12-28T12:21:31 PST" duration-ms="0" status="PASS">
          <reporter-output>
          </reporter-output>
        </test-method> <!-- efBeforeM -->
        <test-method is-config="true" signature="cdBeforeM()[pri:0, instance:com.testng.Annotations123Test@313b2ea6]" started-at="2020-12-28T12:21:31 PST" name="cdBeforeM" finished-at="2020-12-28T12:21:31 PST" duration-ms="0" status="PASS">
          <reporter-output>
          </reporter-output>
        </test-method> <!-- cdBeforeM -->
        <test-method signature="testB()[pri:0, instance:com.testng.Annotations123Test@313b2ea6]" started-at="2020-12-28T12:21:31 PST" name="testB" finished-at="2020-12-28T12:21:31 PST" duration-ms="3" status="PASS">
          <reporter-output>
          </reporter-output>
        </test-method> <!-- testB -->
        <test-method is-config="true" signature="abAfterMethod()[pri:0, instance:com.testng.Annotations123Test@313b2ea6]" started-at="2020-12-28T12:21:31 PST" name="abAfterMethod" finished-at="2020-12-28T12:21:31 PST" duration-ms="0" status="PASS">
          <reporter-output>
          </reporter-output>
        </test-method> <!-- abAfterMethod -->
        <test-method is-config="true" signature="afterClass()[pri:0, instance:com.testng.Annotations123Test@313b2ea6]" started-at="2020-12-28T12:21:31 PST" name="afterClass" finished-at="2020-12-28T12:21:31 PST" duration-ms="0" status="PASS">
          <reporter-output>
          </reporter-output>
        </test-method> <!-- afterClass -->
        <test-method is-config="true" signature="afterTest()[pri:0, instance:com.testng.Annotations123Test@313b2ea6]" started-at="2020-12-28T12:21:31 PST" name="afterTest" finished-at="2020-12-28T12:21:31 PST" duration-ms="0" status="PASS">
          <reporter-output>
          </reporter-output>
        </test-method> <!-- afterTest -->
        <test-method is-config="true" signature="cdAfterMethod()[pri:0, instance:com.testng.Annotations123Test@313b2ea6]" started-at="2020-12-28T12:21:31 PST" name="cdAfterMethod" finished-at="2020-12-28T12:21:31 PST" duration-ms="0" status="PASS">
          <reporter-output>
          </reporter-output>
        </test-method> <!-- cdAfterMethod -->
        <test-method is-config="true" signature="afterSuite()[pri:0, instance:com.testng.Annotations123Test@313b2ea6]" started-at="2020-12-28T12:21:31 PST" name="afterSuite" finished-at="2020-12-28T12:21:31 PST" duration-ms="0" status="PASS">
          <reporter-output>
          </reporter-output>
        </test-method> <!-- afterSuite -->
      </class> <!-- com.testng.Annotations123Test -->
    </test> <!-- Default test -->
  </suite> <!-- Default suite -->
</testng-results>
