<?xml version="1.0" encoding="UTF-8"?>
<testng-results ignored="0" total="2" passed="2" failed="0" skipped="0">
  <reporter-output>
  </reporter-output>
  <suite started-at="2020-12-26T21:27:42Z" name="Suite" finished-at="2020-12-26T21:27:50Z" duration-ms="8004">
    <groups>
    </groups>
    <test started-at="2020-12-26T21:27:42Z" name="RunOnChrome" finished-at="2020-12-26T21:27:50Z" duration-ms="7795">
      <class name="com.browser.testing.NewTest">
        <test-method is-config="true" signature="setUp(java.lang.String)[pri:0, instance:com.browser.testing.NewTest@a82c5f1]" started-at="2020-12-26T21:27:42Z" name="setUp" finished-at="2020-12-26T21:27:47Z" duration-ms="5695" status="PASS">
          <params>
            <param index="0">
              <value>
                <![CDATA[chrome]]>
              </value>
            </param>
          </params>
          <reporter-output>
          </reporter-output>
        </test-method> <!-- setUp -->
        <test-method signature="browserLaunch()[pri:0, instance:com.browser.testing.NewTest@a82c5f1]" started-at="2020-12-26T21:27:47Z" name="browserLaunch" finished-at="2020-12-26T21:27:49Z" duration-ms="2000" status="PASS">
          <reporter-output>
          </reporter-output>
        </test-method> <!-- browserLaunch -->
        <test-method is-config="true" signature="tearDown()[pri:0, instance:com.browser.testing.NewTest@a82c5f1]" started-at="2020-12-26T21:27:49Z" name="tearDown" finished-at="2020-12-26T21:27:50Z" duration-ms="93" status="PASS">
          <reporter-output>
          </reporter-output>
        </test-method> <!-- tearDown -->
      </class> <!-- com.browser.testing.NewTest -->
    </test> <!-- RunOnChrome -->
    <test started-at="2020-12-26T21:27:42Z" name="RunOnFirefox" finished-at="2020-12-26T21:27:50Z" duration-ms="8004">
      <class name="com.browser.testing.NewTest">
        <test-method is-config="true" signature="setUp(java.lang.String)[pri:0, instance:com.browser.testing.NewTest@389c4eb1]" started-at="2020-12-26T21:27:42Z" name="setUp" finished-at="2020-12-26T21:27:46Z" duration-ms="4789" status="PASS">
          <params>
            <param index="0">
              <value>
                <![CDATA[firefox]]>
              </value>
            </param>
          </params>
          <reporter-output>
          </reporter-output>
        </test-method> <!-- setUp -->
        <test-method signature="browserLaunch()[pri:0, instance:com.browser.testing.NewTest@389c4eb1]" started-at="2020-12-26T21:27:47Z" name="browserLaunch" finished-at="2020-12-26T21:27:49Z" duration-ms="2458" status="PASS">
          <reporter-output>
          </reporter-output>
        </test-method> <!-- browserLaunch -->
        <test-method is-config="true" signature="tearDown()[pri:0, instance:com.browser.testing.NewTest@389c4eb1]" started-at="2020-12-26T21:27:49Z" name="tearDown" finished-at="2020-12-26T21:27:50Z" duration-ms="735" status="PASS">
          <reporter-output>
          </reporter-output>
        </test-method> <!-- tearDown -->
      </class> <!-- com.browser.testing.NewTest -->
    </test> <!-- RunOnFirefox -->
  </suite> <!-- Suite -->
</testng-results>
