<?xml version="1.0" encoding="UTF-8"?>
<testng-results ignored="0" total="1" passed="1" failed="0" skipped="0">
  <reporter-output>
  </reporter-output>
  <suite started-at="2021-06-30T03:09:59 PDT" name="Default suite" finished-at="2021-06-30T03:10:20 PDT" duration-ms="21193">
    <groups>
    </groups>
    <test started-at="2021-06-30T03:09:59 PDT" name="Default test" finished-at="2021-06-30T03:10:20 PDT" duration-ms="21193">
      <class name="com.qa.testcases.AddToCartPageTest">
        <test-method is-config="true" signature="initialize()[pri:0, instance:com.qa.testcases.AddToCartPageTest@5f683daf]" started-at="2021-06-30T03:09:59 PDT" name="initialize" finished-at="2021-06-30T03:10:07 PDT" duration-ms="7905" status="PASS">
          <reporter-output>
          </reporter-output>
        </test-method> <!-- initialize -->
        <test-method signature="addtoCartPricevalidation()[pri:0, instance:com.qa.testcases.AddToCartPageTest@5f683daf]" started-at="2021-06-30T03:10:07 PDT" name="addtoCartPricevalidation" finished-at="2021-06-30T03:10:20 PDT" duration-ms="13262" status="PASS">
          <reporter-output>
          </reporter-output>
        </test-method> <!-- addtoCartPricevalidation -->
        <test-method is-config="true" signature="tearDown()[pri:0, instance:com.qa.testcases.AddToCartPageTest@5f683daf]" started-at="2021-06-30T03:10:20 PDT" name="tearDown" finished-at="2021-06-30T03:10:20 PDT" duration-ms="0" status="PASS">
          <reporter-output>
          </reporter-output>
        </test-method> <!-- tearDown -->
      </class> <!-- com.qa.testcases.AddToCartPageTest -->
    </test> <!-- Default test -->
  </suite> <!-- Default suite -->
</testng-results>
